0 verbose cli /usr/local/bin/node /usr/local/bin/npm
1 info using npm@8.19.4
2 info using node@v16.20.2
3 timing npm:load:whichnode Completed in 0ms
4 timing config:load:defaults Completed in 1ms
5 timing config:load:file:/usr/local/lib/node_modules/npm/npmrc Completed in 1ms
6 timing config:load:builtin Completed in 1ms
7 warn config production Use `--omit=dev` instead.
8 timing config:load:cli Completed in 1ms
9 timing config:load:env Completed in 1ms
10 timing config:load:file:/data/.npmrc Completed in 0ms
11 timing config:load:project Completed in 7ms
12 timing config:load:file:/usr/src/node-red/.npmrc Completed in 1ms
13 timing config:load:user Completed in 1ms
14 timing config:load:file:/usr/local/etc/npmrc Completed in 1ms
15 timing config:load:global Completed in 1ms
16 timing config:load:validate Completed in 0ms
17 timing config:load:credentials Completed in 1ms
18 timing config:load:setEnvs Completed in 0ms
19 timing config:load Completed in 15ms
20 timing npm:load:configload Completed in 15ms
21 timing npm:load:mkdirpcache Completed in 0ms
22 timing npm:load:mkdirplogs Completed in 1ms
23 verbose title npm install node-red-contrib-image-tools@2.1.1
24 verbose argv "install" "--no-audit" "--no-update-notifier" "--no-fund" "--save" "--save-prefix" "~" "--production" "--engine-strict" "node-red-contrib-image-tools@2.1.1"
25 timing npm:load:setTitle Completed in 1ms
26 timing config:load:flatten Completed in 1ms
27 timing npm:load:display Completed in 2ms
28 verbose logfile logs-max:10 dir:/data/.npm/_logs
29 verbose logfile /data/.npm/_logs/2024-06-27T17_00_39_688Z-debug-0.log
30 timing npm:load:logFile Completed in 4ms
31 timing npm:load:timers Completed in 1ms
32 timing npm:load:configScope Completed in 0ms
33 timing npm:load Completed in 24ms
34 timing arborist:ctor Completed in 1ms
35 silly logfile start cleaning logs, removing 12 files
36 timing idealTree:init Completed in 59ms
37 timing idealTree:userRequests Completed in 1ms
38 silly idealTree buildDeps
39 silly fetch manifest node-red-contrib-image-tools@2.1.1
40 timing arborist:ctor Completed in 0ms
41 silly logfile done cleaning log files
42 http fetch GET 200 https://registry.npmjs.org/node-red-contrib-image-tools 672ms (cache miss)
43 silly placeDep ROOT node-red-contrib-image-tools@2.1.1 OK for: node-red-project@0.0.1 want: 2.1.1
44 silly fetch manifest @jimp/custom@^0.22.12
45 silly fetch manifest @jimp/plugin-blur@^0.22.12
46 silly fetch manifest @jimp/plugin-color@^0.22.12
47 silly fetch manifest @jimp/plugin-resize@^0.22.12
48 silly fetch manifest @jimp/plugin-threshold@^0.22.12
49 silly fetch manifest @zxing/library@^0.20.0
50 silly fetch manifest bwip-js@^4.2.0
51 silly fetch manifest is-base64@^1.1.0
52 silly fetch manifest jimp@^0.22.12
53 http fetch GET 200 https://registry.npmjs.org/@jimp%2fcustom 144ms (cache miss)
54 http fetch GET 200 https://registry.npmjs.org/@jimp%2fplugin-color 186ms (cache miss)
55 http fetch GET 200 https://registry.npmjs.org/@jimp%2fplugin-blur 340ms (cache miss)
56 http fetch GET 200 https://registry.npmjs.org/jimp 340ms (cache miss)
57 http fetch GET 200 https://registry.npmjs.org/@jimp%2fplugin-resize 355ms (cache miss)
58 http fetch GET 200 https://registry.npmjs.org/@jimp%2fplugin-threshold 358ms (cache miss)
59 http fetch GET 200 https://registry.npmjs.org/@zxing%2flibrary 400ms (cache miss)
60 http fetch GET 200 https://registry.npmjs.org/is-base64 495ms (cache miss)
61 http fetch GET 200 https://registry.npmjs.org/bwip-js 552ms (cache miss)
62 timing idealTree:#root Completed in 1235ms
63 silly placeDep ROOT @jimp/custom@0.22.12 OK for: node-red-contrib-image-tools@2.1.1 want: ^0.22.12
64 silly placeDep ROOT @jimp/plugin-blur@0.22.12 OK for: node-red-contrib-image-tools@2.1.1 want: ^0.22.12
65 silly placeDep ROOT @jimp/plugin-color@0.22.12 OK for: node-red-contrib-image-tools@2.1.1 want: ^0.22.12
66 silly placeDep ROOT @jimp/plugin-resize@0.22.12 OK for: node-red-contrib-image-tools@2.1.1 want: ^0.22.12
67 silly placeDep ROOT @jimp/plugin-threshold@0.22.12 OK for: node-red-contrib-image-tools@2.1.1 want: ^0.22.12
68 silly placeDep ROOT @zxing/library@0.20.0 OK for: node-red-contrib-image-tools@2.1.1 want: ^0.20.0
69 silly placeDep ROOT bwip-js@4.4.0 OK for: node-red-contrib-image-tools@2.1.1 want: ^4.2.0
70 silly placeDep ROOT is-base64@1.1.0 OK for: node-red-contrib-image-tools@2.1.1 want: ^1.1.0
71 silly placeDep ROOT jimp@0.22.12 OK for: node-red-contrib-image-tools@2.1.1 want: ^0.22.12
72 silly fetch manifest @jimp/core@^0.22.12
73 silly fetch manifest @jimp/utils@^0.22.12
74 silly fetch manifest tinycolor2@^1.6.0
75 silly fetch manifest ts-custom-error@^3.2.1
76 silly fetch manifest @zxing/text-encoding@~0.9.0
77 silly fetch manifest @jimp/plugins@^0.22.12
78 silly fetch manifest @jimp/types@^0.22.12
79 silly fetch manifest regenerator-runtime@^0.13.3
80 http fetch GET 200 https://registry.npmjs.org/ts-custom-error 51ms (cache miss)
81 http fetch GET 200 https://registry.npmjs.org/tinycolor2 53ms (cache miss)
82 http fetch GET 200 https://registry.npmjs.org/regenerator-runtime 52ms (cache miss)
83 http fetch GET 200 https://registry.npmjs.org/@jimp%2fplugins 136ms (cache miss)
84 http fetch GET 200 https://registry.npmjs.org/@jimp%2ftypes 164ms (cache miss)
85 http fetch GET 200 https://registry.npmjs.org/@jimp%2fcore 195ms (cache miss)
86 http fetch GET 200 https://registry.npmjs.org/@zxing%2ftext-encoding 415ms (cache miss)
87 http fetch GET 200 https://registry.npmjs.org/@jimp%2futils 445ms (cache miss)
88 timing idealTree:node_modules/node-red-contrib-image-tools Completed in 461ms
89 silly placeDep ROOT @jimp/core@0.22.12 OK for: @jimp/custom@0.22.12 want: ^0.22.12
90 silly fetch manifest any-base@^1.1.0
91 silly fetch manifest buffer@^5.2.0
92 silly fetch manifest exif-parser@^0.1.12
93 silly fetch manifest file-type@^16.5.4
94 silly fetch manifest isomorphic-fetch@^3.0.0
95 silly fetch manifest pixelmatch@^4.0.2
96 http fetch GET 200 https://registry.npmjs.org/buffer 83ms (cache miss)
97 http fetch GET 200 https://registry.npmjs.org/any-base 86ms (cache miss)
98 http fetch GET 200 https://registry.npmjs.org/exif-parser 86ms (cache miss)
99 http fetch GET 200 https://registry.npmjs.org/pixelmatch 87ms (cache miss)
100 http fetch GET 200 https://registry.npmjs.org/file-type 91ms (cache miss)
101 http fetch GET 200 https://registry.npmjs.org/isomorphic-fetch 582ms (cache miss)
102 timing idealTree:node_modules/@jimp/custom Completed in 587ms
103 silly placeDep ROOT @jimp/utils@0.22.12 OK for: @jimp/core@0.22.12 want: ^0.22.12
104 silly placeDep ROOT any-base@1.1.0 OK for: @jimp/core@0.22.12 want: ^1.1.0
105 silly placeDep ROOT buffer@5.7.1 OK for: @jimp/core@0.22.12 want: ^5.2.0
106 silly placeDep ROOT exif-parser@0.1.12 OK for: @jimp/core@0.22.12 want: ^0.1.12
107 silly placeDep ROOT file-type@16.5.4 OK for: @jimp/core@0.22.12 want: ^16.5.4
108 silly placeDep ROOT isomorphic-fetch@3.0.0 OK for: @jimp/core@0.22.12 want: ^3.0.0
109 silly placeDep ROOT pixelmatch@4.0.2 OK for: @jimp/core@0.22.12 want: ^4.0.2
110 silly placeDep ROOT tinycolor2@1.6.0 OK for: @jimp/core@0.22.12 want: ^1.6.0
111 silly fetch manifest base64-js@^1.3.1
112 silly fetch manifest ieee754@^1.1.13
113 silly fetch manifest readable-web-to-node-stream@^3.0.0
114 silly fetch manifest strtok3@^6.2.4
115 silly fetch manifest token-types@^4.1.1
116 silly fetch manifest node-fetch@^2.6.1
117 silly fetch manifest whatwg-fetch@^3.4.1
118 silly fetch manifest pngjs@^3.0.0
119 http fetch GET 200 https://registry.npmjs.org/readable-web-to-node-stream 101ms (cache miss)
120 http fetch GET 200 https://registry.npmjs.org/base64-js 104ms (cache miss)
121 http fetch GET 200 https://registry.npmjs.org/ieee754 105ms (cache miss)
122 http fetch GET 200 https://registry.npmjs.org/token-types 104ms (cache miss)
123 http fetch GET 200 https://registry.npmjs.org/pngjs 143ms (cache miss)
124 http fetch GET 200 https://registry.npmjs.org/strtok3 422ms (cache miss)
125 http fetch GET 200 https://registry.npmjs.org/node-fetch 436ms (cache miss)
126 http fetch GET 200 https://registry.npmjs.org/whatwg-fetch 483ms (cache miss)
127 timing idealTree:node_modules/@jimp/core Completed in 513ms
128 timing idealTree:node_modules/@jimp/plugin-blur Completed in 0ms
129 timing idealTree:node_modules/@jimp/plugin-color Completed in 0ms
130 timing idealTree:node_modules/@jimp/plugin-resize Completed in 0ms
131 timing idealTree:node_modules/@jimp/plugin-threshold Completed in 0ms
132 silly placeDep ROOT regenerator-runtime@0.13.11 OK for: @jimp/utils@0.22.12 want: ^0.13.3
133 timing idealTree:node_modules/@jimp/utils Completed in 2ms
134 silly placeDep ROOT @zxing/text-encoding@0.9.0 OK for: @zxing/library@0.20.0 want: ~0.9.0
135 silly placeDep ROOT ts-custom-error@3.3.1 OK for: @zxing/library@0.20.0 want: ^3.2.1
136 timing idealTree:node_modules/@zxing/library Completed in 2ms
137 timing idealTree:node_modules/@zxing/text-encoding Completed in 0ms
138 timing idealTree:node_modules/any-base Completed in 0ms
139 silly placeDep ROOT base64-js@1.5.1 OK for: buffer@5.7.1 want: ^1.3.1
140 silly placeDep ROOT ieee754@1.2.1 OK for: buffer@5.7.1 want: ^1.1.13
141 timing idealTree:node_modules/buffer Completed in 2ms
142 timing idealTree:node_modules/base64-js Completed in 0ms
143 timing idealTree:node_modules/bwip-js Completed in 0ms
144 timing idealTree:node_modules/exif-parser Completed in 0ms
145 silly placeDep ROOT readable-web-to-node-stream@3.0.2 OK for: file-type@16.5.4 want: ^3.0.0
146 silly placeDep ROOT strtok3@6.3.0 OK for: file-type@16.5.4 want: ^6.2.4
147 silly placeDep ROOT token-types@4.2.1 OK for: file-type@16.5.4 want: ^4.1.1
148 silly fetch manifest readable-stream@^3.6.0
149 silly fetch manifest @tokenizer/token@^0.3.0
150 silly fetch manifest peek-readable@^4.1.0
151 http fetch GET 200 https://registry.npmjs.org/peek-readable 57ms (cache miss)
152 http fetch GET 200 https://registry.npmjs.org/readable-stream 66ms (cache miss)
153 http fetch GET 200 https://registry.npmjs.org/@tokenizer%2ftoken 89ms (cache miss)
154 timing idealTree:node_modules/file-type Completed in 94ms
155 timing idealTree:node_modules/ieee754 Completed in 0ms
156 timing idealTree:node_modules/is-base64 Completed in 0ms
157 silly fetch manifest encoding@^0.1.0
158 http fetch GET 200 https://registry.npmjs.org/encoding 55ms (cache miss)
159 silly placeDep ROOT node-fetch@2.7.0 OK for: isomorphic-fetch@3.0.0 want: ^2.6.1
160 silly placeDep ROOT whatwg-fetch@3.6.20 OK for: isomorphic-fetch@3.0.0 want: ^3.4.1
161 silly fetch manifest whatwg-url@^5.0.0
162 http fetch GET 200 https://registry.npmjs.org/whatwg-url 74ms (cache miss)
163 timing idealTree:node_modules/isomorphic-fetch Completed in 141ms
164 silly placeDep ROOT @jimp/plugins@0.22.12 OK for: jimp@0.22.12 want: ^0.22.12
165 silly placeDep ROOT @jimp/types@0.22.12 OK for: jimp@0.22.12 want: ^0.22.12
166 silly fetch manifest @jimp/plugin-blit@^0.22.12
167 silly fetch manifest @jimp/plugin-circle@^0.22.12
168 silly fetch manifest @jimp/plugin-contain@^0.22.12
169 silly fetch manifest @jimp/plugin-cover@^0.22.12
170 silly fetch manifest @jimp/plugin-crop@^0.22.12
171 silly fetch manifest @jimp/plugin-displace@^0.22.12
172 silly fetch manifest @jimp/plugin-dither@^0.22.12
173 silly fetch manifest @jimp/plugin-fisheye@^0.22.12
174 silly fetch manifest @jimp/plugin-flip@^0.22.12
175 silly fetch manifest @jimp/plugin-gaussian@^0.22.12
176 silly fetch manifest @jimp/plugin-invert@^0.22.12
177 silly fetch manifest @jimp/plugin-mask@^0.22.12
178 silly fetch manifest @jimp/plugin-normalize@^0.22.12
179 silly fetch manifest @jimp/plugin-print@^0.22.12
180 silly fetch manifest @jimp/plugin-rotate@^0.22.12
181 silly fetch manifest @jimp/plugin-scale@^0.22.12
182 silly fetch manifest @jimp/plugin-shadow@^0.22.12
183 silly fetch manifest timm@^1.6.1
184 silly fetch manifest @jimp/bmp@^0.22.12
185 silly fetch manifest @jimp/gif@^0.22.12
186 silly fetch manifest @jimp/png@^0.22.12
187 silly fetch manifest @jimp/jpeg@^0.22.12
188 silly fetch manifest @jimp/tiff@^0.22.12
189 http fetch GET 200 https://registry.npmjs.org/@jimp%2fplugin-invert 213ms (cache miss)
190 http fetch GET 200 https://registry.npmjs.org/@jimp%2fplugin-print 253ms (cache miss)
191 http fetch GET 200 https://registry.npmjs.org/@jimp%2fplugin-dither 270ms (cache miss)
192 http fetch GET 200 https://registry.npmjs.org/timm 303ms (cache miss)
193 http fetch GET 200 https://registry.npmjs.org/@jimp%2fplugin-scale 308ms (cache miss)
194 http fetch GET 200 https://registry.npmjs.org/@jimp%2fplugin-shadow 352ms (cache miss)
195 http fetch GET 200 https://registry.npmjs.org/@jimp%2fplugin-circle 465ms (cache miss)
196 http fetch GET 200 https://registry.npmjs.org/@jimp%2fbmp 497ms (cache miss)
197 http fetch GET 200 https://registry.npmjs.org/@jimp%2fplugin-flip 519ms (cache miss)
198 http fetch GET 200 https://registry.npmjs.org/@jimp%2fjpeg 539ms (cache miss)
199 http fetch GET 200 https://registry.npmjs.org/@jimp%2ftiff 596ms (cache miss)
200 http fetch GET 200 https://registry.npmjs.org/@jimp%2fgif 657ms (cache miss)
201 http fetch GET 200 https://registry.npmjs.org/@jimp%2fplugin-rotate 771ms (cache miss)
202 http fetch GET 200 https://registry.npmjs.org/@jimp%2fplugin-gaussian 778ms (cache miss)
203 http fetch GET 200 https://registry.npmjs.org/@jimp%2fpng 788ms (cache miss)
204 http fetch GET 200 https://registry.npmjs.org/@jimp%2fplugin-displace 923ms (cache miss)
205 http fetch GET 200 https://registry.npmjs.org/@jimp%2fplugin-contain 991ms (cache miss)
206 http fetch GET 200 https://registry.npmjs.org/@jimp%2fplugin-blit 995ms (cache miss)
207 http fetch GET 200 https://registry.npmjs.org/@jimp%2fplugin-crop 995ms (cache miss)
208 http fetch GET 200 https://registry.npmjs.org/@jimp%2fplugin-mask 1003ms (cache miss)
209 http fetch GET 200 https://registry.npmjs.org/@jimp%2fplugin-fisheye 1019ms (cache miss)
210 http fetch GET 200 https://registry.npmjs.org/@jimp%2fplugin-normalize 1026ms (cache miss)
211 http fetch GET 200 https://registry.npmjs.org/@jimp%2fplugin-cover 1948ms (cache miss)
212 timing idealTree:node_modules/jimp Completed in 1960ms
213 silly fetch manifest @jimp/custom@>=0.3.5
214 silly placeDep ROOT @jimp/plugin-blit@0.22.12 OK for: @jimp/plugins@0.22.12 want: ^0.22.12
215 silly placeDep ROOT @jimp/plugin-circle@0.22.12 OK for: @jimp/plugins@0.22.12 want: ^0.22.12
216 silly placeDep ROOT @jimp/plugin-contain@0.22.12 OK for: @jimp/plugins@0.22.12 want: ^0.22.12
217 silly placeDep ROOT @jimp/plugin-scale@0.22.12 OK for: @jimp/plugin-contain@0.22.12 want: >=0.3.5
218 silly placeDep ROOT @jimp/plugin-cover@0.22.12 OK for: @jimp/plugins@0.22.12 want: ^0.22.12
219 silly placeDep ROOT @jimp/plugin-crop@0.22.12 OK for: @jimp/plugin-cover@0.22.12 want: >=0.3.5
220 silly placeDep ROOT @jimp/plugin-displace@0.22.12 OK for: @jimp/plugins@0.22.12 want: ^0.22.12
221 silly placeDep ROOT @jimp/plugin-dither@0.22.12 OK for: @jimp/plugins@0.22.12 want: ^0.22.12
222 silly placeDep ROOT @jimp/plugin-fisheye@0.22.12 OK for: @jimp/plugins@0.22.12 want: ^0.22.12
223 silly placeDep ROOT @jimp/plugin-flip@0.22.12 OK for: @jimp/plugins@0.22.12 want: ^0.22.12
224 silly placeDep ROOT @jimp/plugin-rotate@0.22.12 OK for: @jimp/plugin-flip@0.22.12 want: >=0.3.5
225 silly placeDep ROOT @jimp/plugin-gaussian@0.22.12 OK for: @jimp/plugins@0.22.12 want: ^0.22.12
226 silly placeDep ROOT @jimp/plugin-invert@0.22.12 OK for: @jimp/plugins@0.22.12 want: ^0.22.12
227 silly placeDep ROOT @jimp/plugin-mask@0.22.12 OK for: @jimp/plugins@0.22.12 want: ^0.22.12
228 silly placeDep ROOT @jimp/plugin-normalize@0.22.12 OK for: @jimp/plugins@0.22.12 want: ^0.22.12
229 silly placeDep ROOT @jimp/plugin-print@0.22.12 OK for: @jimp/plugins@0.22.12 want: ^0.22.12
230 silly placeDep ROOT @jimp/plugin-shadow@0.22.12 OK for: @jimp/plugins@0.22.12 want: ^0.22.12
231 silly placeDep ROOT timm@1.7.1 OK for: @jimp/plugins@0.22.12 want: ^1.6.1
232 silly fetch manifest load-bmfont@^1.4.1
233 http fetch GET 200 https://registry.npmjs.org/load-bmfont 57ms (cache miss)
234 timing idealTree:node_modules/@jimp/plugins Completed in 96ms
235 timing idealTree:node_modules/@jimp/plugin-blit Completed in 0ms
236 timing idealTree:node_modules/@jimp/plugin-circle Completed in 1ms
237 timing idealTree:node_modules/@jimp/plugin-contain Completed in 0ms
238 timing idealTree:node_modules/@jimp/plugin-cover Completed in 0ms
239 timing idealTree:node_modules/@jimp/plugin-crop Completed in 0ms
240 timing idealTree:node_modules/@jimp/plugin-displace Completed in 0ms
241 timing idealTree:node_modules/@jimp/plugin-dither Completed in 0ms
242 timing idealTree:node_modules/@jimp/plugin-fisheye Completed in 1ms
243 timing idealTree:node_modules/@jimp/plugin-flip Completed in 0ms
244 timing idealTree:node_modules/@jimp/plugin-gaussian Completed in 0ms
245 timing idealTree:node_modules/@jimp/plugin-invert Completed in 0ms
246 timing idealTree:node_modules/@jimp/plugin-mask Completed in 0ms
247 timing idealTree:node_modules/@jimp/plugin-normalize Completed in 0ms
248 silly placeDep ROOT load-bmfont@1.4.1 OK for: @jimp/plugin-print@0.22.12 want: ^1.4.1
249 silly fetch manifest buffer-equal@0.0.1
250 silly fetch manifest parse-bmfont-ascii@^1.0.3
251 silly fetch manifest parse-bmfont-binary@^1.0.5
252 silly fetch manifest parse-bmfont-xml@^1.1.4
253 silly fetch manifest phin@^2.9.1
254 silly fetch manifest xhr@^2.0.1
255 silly fetch manifest xtend@^4.0.0
256 http fetch GET 200 https://registry.npmjs.org/buffer-equal 76ms (cache miss)
257 http fetch GET 200 https://registry.npmjs.org/parse-bmfont-ascii 77ms (cache miss)
258 http fetch GET 200 https://registry.npmjs.org/parse-bmfont-xml 76ms (cache miss)
259 http fetch GET 200 https://registry.npmjs.org/phin 76ms (cache miss)
260 http fetch GET 200 https://registry.npmjs.org/parse-bmfont-binary 80ms (cache miss)
261 http fetch GET 200 https://registry.npmjs.org/xhr 77ms (cache miss)
262 http fetch GET 200 https://registry.npmjs.org/xtend 77ms (cache miss)
263 timing idealTree:node_modules/@jimp/plugin-print Completed in 86ms
264 timing idealTree:node_modules/@jimp/plugin-rotate Completed in 0ms
265 timing idealTree:node_modules/@jimp/plugin-scale Completed in 0ms
266 timing idealTree:node_modules/@jimp/plugin-shadow Completed in 0ms
267 silly placeDep ROOT @jimp/bmp@0.22.12 OK for: @jimp/types@0.22.12 want: ^0.22.12
268 silly placeDep ROOT @jimp/gif@0.22.12 OK for: @jimp/types@0.22.12 want: ^0.22.12
269 silly placeDep ROOT @jimp/jpeg@0.22.12 OK for: @jimp/types@0.22.12 want: ^0.22.12
270 silly placeDep ROOT @jimp/png@0.22.12 OK for: @jimp/types@0.22.12 want: ^0.22.12
271 silly placeDep ROOT @jimp/tiff@0.22.12 OK for: @jimp/types@0.22.12 want: ^0.22.12
272 silly fetch manifest bmp-js@^0.1.0
273 silly fetch manifest gifwrap@^0.10.1
274 silly fetch manifest omggif@^1.0.9
275 silly fetch manifest jpeg-js@^0.4.4
276 silly fetch manifest pngjs@^6.0.0
277 silly fetch manifest utif2@^4.0.1
278 http fetch GET 200 https://registry.npmjs.org/gifwrap 47ms (cache miss)
279 http fetch GET 200 https://registry.npmjs.org/utif2 66ms (cache miss)
280 http fetch GET 200 https://registry.npmjs.org/bmp-js 75ms (cache miss)
281 http fetch GET 200 https://registry.npmjs.org/omggif 73ms (cache miss)
282 http fetch GET 200 https://registry.npmjs.org/jpeg-js 73ms (cache miss)
283 timing idealTree:node_modules/@jimp/types Completed in 82ms
284 silly placeDep ROOT bmp-js@0.1.0 OK for: @jimp/bmp@0.22.12 want: ^0.1.0
285 timing idealTree:node_modules/@jimp/bmp Completed in 1ms
286 silly placeDep ROOT gifwrap@0.10.1 OK for: @jimp/gif@0.22.12 want: ^0.10.1
287 silly placeDep ROOT omggif@1.0.10 OK for: @jimp/gif@0.22.12 want: ^1.0.9
288 silly fetch manifest image-q@^4.0.0
289 http fetch GET 200 https://registry.npmjs.org/image-q 80ms (cache miss)
290 timing idealTree:node_modules/@jimp/gif Completed in 84ms
291 silly placeDep ROOT jpeg-js@0.4.4 OK for: @jimp/jpeg@0.22.12 want: ^0.4.4
292 timing idealTree:node_modules/@jimp/jpeg Completed in 2ms
293 silly placeDep ROOT pngjs@6.0.0 OK for: @jimp/png@0.22.12 want: ^6.0.0
294 timing idealTree:node_modules/@jimp/png Completed in 2ms
295 silly placeDep ROOT utif2@4.1.0 OK for: @jimp/tiff@0.22.12 want: ^4.0.1
296 silly fetch manifest pako@^1.0.11
297 http fetch GET 200 https://registry.npmjs.org/pako 604ms (cache miss)
298 timing idealTree:node_modules/@jimp/tiff Completed in 613ms
299 timing idealTree:node_modules/bmp-js Completed in 0ms
300 silly placeDep ROOT image-q@4.0.0 OK for: gifwrap@0.10.1 want: ^4.0.0
301 silly fetch manifest @types/node@16.9.1
302 http fetch GET 200 https://registry.npmjs.org/@types%2fnode 308ms (cache updated)
303 timing idealTree:node_modules/gifwrap Completed in 322ms
304 silly placeDep node_modules/image-q @types/node@16.9.1 OK for: image-q@4.0.0 want: 16.9.1
305 timing idealTree:node_modules/image-q Completed in 1ms
306 timing idealTree:node_modules/jpeg-js Completed in 0ms
307 silly placeDep ROOT buffer-equal@0.0.1 OK for: load-bmfont@1.4.1 want: 0.0.1
308 silly placeDep ROOT parse-bmfont-ascii@1.0.6 OK for: load-bmfont@1.4.1 want: ^1.0.3
309 silly placeDep ROOT parse-bmfont-binary@1.0.6 OK for: load-bmfont@1.4.1 want: ^1.0.5
310 silly placeDep ROOT parse-bmfont-xml@1.1.6 OK for: load-bmfont@1.4.1 want: ^1.1.4
311 silly placeDep ROOT phin@2.9.3 OK for: load-bmfont@1.4.1 want: ^2.9.1
312 silly placeDep ROOT xhr@2.6.0 OK for: load-bmfont@1.4.1 want: ^2.0.1
313 silly placeDep ROOT xtend@4.0.2 OK for: load-bmfont@1.4.1 want: ^4.0.0
314 silly fetch manifest xml-parse-from-string@^1.0.0
315 silly fetch manifest xml2js@^0.5.0
316 silly fetch manifest global@~4.4.0
317 silly fetch manifest is-function@^1.0.1
318 silly fetch manifest parse-headers@^2.0.0
319 http fetch GET 200 https://registry.npmjs.org/global 72ms (cache miss)
320 http fetch GET 200 https://registry.npmjs.org/xml-parse-from-string 80ms (cache miss)
321 http fetch GET 200 https://registry.npmjs.org/xml2js 80ms (cache miss)
322 http fetch GET 200 https://registry.npmjs.org/is-function 75ms (cache miss)
323 http fetch GET 200 https://registry.npmjs.org/parse-headers 75ms (cache miss)
324 timing idealTree:node_modules/load-bmfont Completed in 92ms
325 timing idealTree:node_modules/buffer-equal Completed in 0ms
326 silly placeDep ROOT whatwg-url@5.0.0 OK for: node-fetch@2.7.0 want: ^5.0.0
327 silly fetch manifest tr46@~0.0.3
328 silly fetch manifest webidl-conversions@^3.0.0
329 http fetch GET 200 https://registry.npmjs.org/webidl-conversions 60ms (cache miss)
330 http fetch GET 200 https://registry.npmjs.org/tr46 67ms (cache miss)
331 timing idealTree:node_modules/node-fetch Completed in 69ms
332 timing idealTree:node_modules/omggif Completed in 0ms
333 timing idealTree:node_modules/parse-bmfont-ascii Completed in 0ms
334 timing idealTree:node_modules/parse-bmfont-binary Completed in 0ms
335 silly placeDep ROOT xml-parse-from-string@1.0.1 OK for: parse-bmfont-xml@1.1.6 want: ^1.0.0
336 silly placeDep ROOT xml2js@0.5.0 OK for: parse-bmfont-xml@1.1.6 want: ^0.5.0
337 silly fetch manifest sax@>=0.6.0
338 silly fetch manifest xmlbuilder@~11.0.0
339 http fetch GET 200 https://registry.npmjs.org/xmlbuilder 64ms (cache miss)
340 http fetch GET 200 https://registry.npmjs.org/sax 531ms (cache miss)
341 timing idealTree:node_modules/parse-bmfont-xml Completed in 535ms
342 timing idealTree:node_modules/phin Completed in 0ms
343 silly placeDep node_modules/pixelmatch pngjs@3.4.0 OK for: pixelmatch@4.0.2 want: ^3.0.0
344 timing idealTree:node_modules/pixelmatch Completed in 2ms
345 timing idealTree:node_modules/pngjs Completed in 0ms
346 silly placeDep ROOT readable-stream@3.6.2 OK for: readable-web-to-node-stream@3.0.2 want: ^3.6.0
347 silly fetch manifest string_decoder@^1.1.1
348 silly fetch manifest util-deprecate@^1.0.1
349 http fetch GET 200 https://registry.npmjs.org/util-deprecate 58ms (cache miss)
350 http fetch GET 200 https://registry.npmjs.org/string_decoder 62ms (cache miss)
351 timing idealTree:node_modules/readable-web-to-node-stream Completed in 66ms
352 silly placeDep ROOT string_decoder@1.3.0 OK for: readable-stream@3.6.2 want: ^1.1.1
353 silly placeDep ROOT util-deprecate@1.0.2 OK for: readable-stream@3.6.2 want: ^1.0.1
354 silly fetch manifest safe-buffer@~5.2.0
355 http fetch GET 200 https://registry.npmjs.org/safe-buffer 54ms (cache revalidated)
356 timing idealTree:node_modules/readable-stream Completed in 58ms
357 timing idealTree:node_modules/regenerator-runtime Completed in 0ms
358 silly placeDep node_modules/string_decoder safe-buffer@5.2.1 OK for: string_decoder@1.3.0 want: ~5.2.0
359 timing idealTree:node_modules/string_decoder Completed in 2ms
360 silly placeDep ROOT @tokenizer/token@0.3.0 OK for: strtok3@6.3.0 want: ^0.3.0
361 silly placeDep ROOT peek-readable@4.1.0 OK for: strtok3@6.3.0 want: ^4.1.0
362 timing idealTree:node_modules/strtok3 Completed in 6ms
363 timing idealTree:node_modules/@tokenizer/token Completed in 0ms
364 timing idealTree:node_modules/peek-readable Completed in 0ms
365 timing idealTree:node_modules/timm Completed in 0ms
366 timing idealTree:node_modules/tinycolor2 Completed in 0ms
367 timing idealTree:node_modules/token-types Completed in 0ms
368 timing idealTree:node_modules/ts-custom-error Completed in 0ms
369 silly placeDep ROOT pako@1.0.11 OK for: utif2@4.1.0 want: ^1.0.11
370 timing idealTree:node_modules/utif2 Completed in 2ms
371 timing idealTree:node_modules/pako Completed in 0ms
372 timing idealTree:node_modules/util-deprecate Completed in 0ms
373 timing idealTree:node_modules/whatwg-fetch Completed in 0ms
374 silly placeDep ROOT tr46@0.0.3 OK for: whatwg-url@5.0.0 want: ~0.0.3
375 silly placeDep ROOT webidl-conversions@3.0.1 OK for: whatwg-url@5.0.0 want: ^3.0.0
376 timing idealTree:node_modules/whatwg-url Completed in 3ms
377 timing idealTree:node_modules/tr46 Completed in 0ms
378 timing idealTree:node_modules/webidl-conversions Completed in 0ms
379 silly placeDep ROOT global@4.4.0 OK for: xhr@2.6.0 want: ~4.4.0
380 silly placeDep ROOT is-function@1.0.2 OK for: xhr@2.6.0 want: ^1.0.1
381 silly placeDep ROOT parse-headers@2.0.5 OK for: xhr@2.6.0 want: ^2.0.0
382 silly fetch manifest min-document@^2.19.0
383 silly fetch manifest process@^0.11.10
384 http fetch GET 200 https://registry.npmjs.org/process 50ms (cache miss)
385 http fetch GET 200 https://registry.npmjs.org/min-document 52ms (cache miss)
386 timing idealTree:node_modules/xhr Completed in 60ms
387 silly placeDep ROOT min-document@2.19.0 OK for: global@4.4.0 want: ^2.19.0
388 silly placeDep ROOT process@0.11.10 OK for: global@4.4.0 want: ^0.11.10
389 silly fetch manifest dom-walk@^0.1.0
390 http fetch GET 200 https://registry.npmjs.org/dom-walk 45ms (cache miss)
391 timing idealTree:node_modules/global Completed in 49ms
392 timing idealTree:node_modules/is-function Completed in 0ms
393 silly placeDep ROOT dom-walk@0.1.2 OK for: min-document@2.19.0 want: ^0.1.0
394 timing idealTree:node_modules/min-document Completed in 2ms
395 timing idealTree:node_modules/dom-walk Completed in 0ms
396 timing idealTree:node_modules/parse-headers Completed in 0ms
397 timing idealTree:node_modules/process Completed in 0ms
398 timing idealTree:node_modules/xml-parse-from-string Completed in 0ms
399 silly placeDep ROOT sax@1.4.1 OK for: xml2js@0.5.0 want: >=0.6.0
400 silly placeDep ROOT xmlbuilder@11.0.1 OK for: xml2js@0.5.0 want: ~11.0.0
401 timing idealTree:node_modules/xml2js Completed in 5ms
402 timing idealTree:node_modules/sax Completed in 0ms
403 timing idealTree:node_modules/xmlbuilder Completed in 0ms
404 timing idealTree:node_modules/xtend Completed in 0ms
405 timing idealTree:node_modules/image-q/node_modules/@types/node Completed in 0ms
406 timing idealTree:node_modules/pixelmatch/node_modules/pngjs Completed in 0ms
407 timing idealTree:node_modules/string_decoder/node_modules/safe-buffer Completed in 0ms
408 timing idealTree:buildDeps Completed in 7256ms
409 timing idealTree:fixDepFlags Completed in 4ms
410 timing idealTree Completed in 7324ms
411 timing reify:loadTrees Completed in 7325ms
412 timing reify:diffTrees Completed in 19ms
413 silly reify moves {}
414 timing reify:retireShallow Completed in 1ms
415 timing reify:createSparse Completed in 17ms
416 timing reify:trashOmits Completed in 0ms
417 timing reify:loadBundles Completed in 0ms
418 silly tarball no local data for sax@https://registry.npmjs.org/sax/-/sax-1.4.1.tgz. Extracting by manifest.
419 silly tarball no local data for xmlbuilder@https://registry.npmjs.org/xmlbuilder/-/xmlbuilder-11.0.1.tgz. Extracting by manifest.
420 silly tarball no local data for dom-walk@https://registry.npmjs.org/dom-walk/-/dom-walk-0.1.2.tgz. Extracting by manifest.
421 silly tarball no local data for process@https://registry.npmjs.org/process/-/process-0.11.10.tgz. Extracting by manifest.
422 silly tarball no local data for min-document@https://registry.npmjs.org/min-document/-/min-document-2.19.0.tgz. Extracting by manifest.
423 silly tarball no local data for parse-headers@https://registry.npmjs.org/parse-headers/-/parse-headers-2.0.5.tgz. Extracting by manifest.
424 silly tarball no local data for is-function@https://registry.npmjs.org/is-function/-/is-function-1.0.2.tgz. Extracting by manifest.
425 silly tarball no local data for global@https://registry.npmjs.org/global/-/global-4.4.0.tgz. Extracting by manifest.
426 silly tarball no local data for webidl-conversions@https://registry.npmjs.org/webidl-conversions/-/webidl-conversions-3.0.1.tgz. Extracting by manifest.
427 silly tarball no local data for pako@https://registry.npmjs.org/pako/-/pako-1.0.11.tgz. Extracting by manifest.
428 silly tarball no local data for peek-readable@https://registry.npmjs.org/peek-readable/-/peek-readable-4.1.0.tgz. Extracting by manifest.
429 silly tarball no local data for @tokenizer/token@https://registry.npmjs.org/@tokenizer/token/-/token-0.3.0.tgz. Extracting by manifest.
430 silly tarball no local data for util-deprecate@https://registry.npmjs.org/util-deprecate/-/util-deprecate-1.0.2.tgz. Extracting by manifest.
431 silly tarball no local data for string_decoder@https://registry.npmjs.org/string_decoder/-/string_decoder-1.3.0.tgz. Extracting by manifest.
432 silly tarball no local data for readable-stream@https://registry.npmjs.org/readable-stream/-/readable-stream-3.6.2.tgz. Extracting by manifest.
433 silly tarball no local data for xml2js@https://registry.npmjs.org/xml2js/-/xml2js-0.5.0.tgz. Extracting by manifest.
434 silly tarball no local data for whatwg-url@https://registry.npmjs.org/whatwg-url/-/whatwg-url-5.0.0.tgz. Extracting by manifest.
435 silly tarball no local data for xml-parse-from-string@https://registry.npmjs.org/xml-parse-from-string/-/xml-parse-from-string-1.0.1.tgz. Extracting by manifest.
436 silly tarball no local data for xtend@https://registry.npmjs.org/xtend/-/xtend-4.0.2.tgz. Extracting by manifest.
437 silly tarball no local data for xhr@https://registry.npmjs.org/xhr/-/xhr-2.6.0.tgz. Extracting by manifest.
438 silly tarball no local data for parse-bmfont-xml@https://registry.npmjs.org/parse-bmfont-xml/-/parse-bmfont-xml-1.1.6.tgz. Extracting by manifest.
439 silly tarball no local data for tr46@https://registry.npmjs.org/tr46/-/tr46-0.0.3.tgz. Extracting by manifest.
440 silly tarball no local data for parse-bmfont-binary@https://registry.npmjs.org/parse-bmfont-binary/-/parse-bmfont-binary-1.0.6.tgz. Extracting by manifest.
441 silly tarball no local data for phin@https://registry.npmjs.org/phin/-/phin-2.9.3.tgz. Extracting by manifest.
442 silly tarball no local data for buffer-equal@https://registry.npmjs.org/buffer-equal/-/buffer-equal-0.0.1.tgz. Extracting by manifest.
443 silly tarball no local data for parse-bmfont-ascii@https://registry.npmjs.org/parse-bmfont-ascii/-/parse-bmfont-ascii-1.0.6.tgz. Extracting by manifest.
444 silly tarball no local data for image-q@https://registry.npmjs.org/image-q/-/image-q-4.0.0.tgz. Extracting by manifest.
445 silly tarball no local data for utif2@https://registry.npmjs.org/utif2/-/utif2-4.1.0.tgz. Extracting by manifest.
446 silly tarball no local data for pngjs@https://registry.npmjs.org/pngjs/-/pngjs-6.0.0.tgz. Extracting by manifest.
447 silly tarball no local data for omggif@https://registry.npmjs.org/omggif/-/omggif-1.0.10.tgz. Extracting by manifest.
448 silly tarball no local data for jpeg-js@https://registry.npmjs.org/jpeg-js/-/jpeg-js-0.4.4.tgz. Extracting by manifest.
449 silly tarball no local data for gifwrap@https://registry.npmjs.org/gifwrap/-/gifwrap-0.10.1.tgz. Extracting by manifest.
450 silly tarball no local data for @jimp/tiff@https://registry.npmjs.org/@jimp/tiff/-/tiff-0.22.12.tgz. Extracting by manifest.
451 silly tarball no local data for bmp-js@https://registry.npmjs.org/bmp-js/-/bmp-js-0.1.0.tgz. Extracting by manifest.
452 silly tarball no local data for @jimp/jpeg@https://registry.npmjs.org/@jimp/jpeg/-/jpeg-0.22.12.tgz. Extracting by manifest.
453 silly tarball no local data for @jimp/png@https://registry.npmjs.org/@jimp/png/-/png-0.22.12.tgz. Extracting by manifest.
454 silly tarball no local data for @jimp/gif@https://registry.npmjs.org/@jimp/gif/-/gif-0.22.12.tgz. Extracting by manifest.
455 silly tarball no local data for @jimp/bmp@https://registry.npmjs.org/@jimp/bmp/-/bmp-0.22.12.tgz. Extracting by manifest.
456 silly tarball no local data for timm@https://registry.npmjs.org/timm/-/timm-1.7.1.tgz. Extracting by manifest.
457 silly tarball no local data for load-bmfont@https://registry.npmjs.org/load-bmfont/-/load-bmfont-1.4.1.tgz. Extracting by manifest.
458 silly tarball no local data for @jimp/plugin-shadow@https://registry.npmjs.org/@jimp/plugin-shadow/-/plugin-shadow-0.22.12.tgz. Extracting by manifest.
459 silly tarball no local data for @jimp/plugin-print@https://registry.npmjs.org/@jimp/plugin-print/-/plugin-print-0.22.12.tgz. Extracting by manifest.
460 silly tarball no local data for @jimp/plugin-normalize@https://registry.npmjs.org/@jimp/plugin-normalize/-/plugin-normalize-0.22.12.tgz. Extracting by manifest.
461 silly tarball no local data for @jimp/plugin-mask@https://registry.npmjs.org/@jimp/plugin-mask/-/plugin-mask-0.22.12.tgz. Extracting by manifest.
462 silly tarball no local data for @jimp/plugin-invert@https://registry.npmjs.org/@jimp/plugin-invert/-/plugin-invert-0.22.12.tgz. Extracting by manifest.
463 silly tarball no local data for @jimp/plugin-gaussian@https://registry.npmjs.org/@jimp/plugin-gaussian/-/plugin-gaussian-0.22.12.tgz. Extracting by manifest.
464 silly tarball no local data for @jimp/plugin-rotate@https://registry.npmjs.org/@jimp/plugin-rotate/-/plugin-rotate-0.22.12.tgz. Extracting by manifest.
465 silly tarball no local data for @jimp/plugin-flip@https://registry.npmjs.org/@jimp/plugin-flip/-/plugin-flip-0.22.12.tgz. Extracting by manifest.
466 silly tarball no local data for @jimp/plugin-fisheye@https://registry.npmjs.org/@jimp/plugin-fisheye/-/plugin-fisheye-0.22.12.tgz. Extracting by manifest.
467 silly tarball no local data for @jimp/plugin-dither@https://registry.npmjs.org/@jimp/plugin-dither/-/plugin-dither-0.22.12.tgz. Extracting by manifest.
468 silly tarball no local data for @jimp/plugin-displace@https://registry.npmjs.org/@jimp/plugin-displace/-/plugin-displace-0.22.12.tgz. Extracting by manifest.
469 silly tarball no local data for @jimp/plugin-crop@https://registry.npmjs.org/@jimp/plugin-crop/-/plugin-crop-0.22.12.tgz. Extracting by manifest.
470 silly tarball no local data for @jimp/plugin-cover@https://registry.npmjs.org/@jimp/plugin-cover/-/plugin-cover-0.22.12.tgz. Extracting by manifest.
471 silly tarball no local data for @jimp/plugin-scale@https://registry.npmjs.org/@jimp/plugin-scale/-/plugin-scale-0.22.12.tgz. Extracting by manifest.
472 silly tarball no local data for @jimp/plugin-contain@https://registry.npmjs.org/@jimp/plugin-contain/-/plugin-contain-0.22.12.tgz. Extracting by manifest.
473 silly tarball no local data for @jimp/plugin-circle@https://registry.npmjs.org/@jimp/plugin-circle/-/plugin-circle-0.22.12.tgz. Extracting by manifest.
474 silly tarball no local data for @jimp/plugin-blit@https://registry.npmjs.org/@jimp/plugin-blit/-/plugin-blit-0.22.12.tgz. Extracting by manifest.
475 silly tarball no local data for @jimp/plugins@https://registry.npmjs.org/@jimp/plugins/-/plugins-0.22.12.tgz. Extracting by manifest.
476 silly tarball no local data for @jimp/types@https://registry.npmjs.org/@jimp/types/-/types-0.22.12.tgz. Extracting by manifest.
477 silly tarball no local data for whatwg-fetch@https://registry.npmjs.org/whatwg-fetch/-/whatwg-fetch-3.6.20.tgz. Extracting by manifest.
478 silly tarball no local data for token-types@https://registry.npmjs.org/token-types/-/token-types-4.2.1.tgz. Extracting by manifest.
479 silly tarball no local data for node-fetch@https://registry.npmjs.org/node-fetch/-/node-fetch-2.7.0.tgz. Extracting by manifest.
480 silly tarball no local data for strtok3@https://registry.npmjs.org/strtok3/-/strtok3-6.3.0.tgz. Extracting by manifest.
481 silly tarball no local data for readable-web-to-node-stream@https://registry.npmjs.org/readable-web-to-node-stream/-/readable-web-to-node-stream-3.0.2.tgz. Extracting by manifest.
482 silly tarball no local data for base64-js@https://registry.npmjs.org/base64-js/-/base64-js-1.5.1.tgz. Extracting by manifest.
483 silly tarball no local data for ts-custom-error@https://registry.npmjs.org/ts-custom-error/-/ts-custom-error-3.3.1.tgz. Extracting by manifest.
484 silly tarball no local data for @zxing/text-encoding@https://registry.npmjs.org/@zxing/text-encoding/-/text-encoding-0.9.0.tgz. Extracting by manifest.
485 silly tarball no local data for regenerator-runtime@https://registry.npmjs.org/regenerator-runtime/-/regenerator-runtime-0.13.11.tgz. Extracting by manifest.
486 silly tarball no local data for tinycolor2@https://registry.npmjs.org/tinycolor2/-/tinycolor2-1.6.0.tgz. Extracting by manifest.
487 silly tarball no local data for ieee754@https://registry.npmjs.org/ieee754/-/ieee754-1.2.1.tgz. Extracting by manifest.
488 silly tarball no local data for pixelmatch@https://registry.npmjs.org/pixelmatch/-/pixelmatch-4.0.2.tgz. Extracting by manifest.
489 silly tarball no local data for isomorphic-fetch@https://registry.npmjs.org/isomorphic-fetch/-/isomorphic-fetch-3.0.0.tgz. Extracting by manifest.
490 silly tarball no local data for exif-parser@https://registry.npmjs.org/exif-parser/-/exif-parser-0.1.12.tgz. Extracting by manifest.
491 silly tarball no local data for buffer@https://registry.npmjs.org/buffer/-/buffer-5.7.1.tgz. Extracting by manifest.
492 silly tarball no local data for any-base@https://registry.npmjs.org/any-base/-/any-base-1.1.0.tgz. Extracting by manifest.
493 silly tarball no local data for file-type@https://registry.npmjs.org/file-type/-/file-type-16.5.4.tgz. Extracting by manifest.
494 silly tarball no local data for @jimp/utils@https://registry.npmjs.org/@jimp/utils/-/utils-0.22.12.tgz. Extracting by manifest.
495 silly tarball no local data for @jimp/core@https://registry.npmjs.org/@jimp/core/-/core-0.22.12.tgz. Extracting by manifest.
496 silly tarball no local data for jimp@https://registry.npmjs.org/jimp/-/jimp-0.22.12.tgz. Extracting by manifest.
497 silly tarball no local data for is-base64@https://registry.npmjs.org/is-base64/-/is-base64-1.1.0.tgz. Extracting by manifest.
498 silly tarball no local data for bwip-js@https://registry.npmjs.org/bwip-js/-/bwip-js-4.4.0.tgz. Extracting by manifest.
499 silly tarball no local data for @zxing/library@https://registry.npmjs.org/@zxing/library/-/library-0.20.0.tgz. Extracting by manifest.
500 silly tarball no local data for @jimp/plugin-threshold@https://registry.npmjs.org/@jimp/plugin-threshold/-/plugin-threshold-0.22.12.tgz. Extracting by manifest.
501 silly tarball no local data for @jimp/plugin-resize@https://registry.npmjs.org/@jimp/plugin-resize/-/plugin-resize-0.22.12.tgz. Extracting by manifest.
502 silly tarball no local data for @jimp/plugin-color@https://registry.npmjs.org/@jimp/plugin-color/-/plugin-color-0.22.12.tgz. Extracting by manifest.
503 silly tarball no local data for @jimp/plugin-blur@https://registry.npmjs.org/@jimp/plugin-blur/-/plugin-blur-0.22.12.tgz. Extracting by manifest.
504 silly tarball no local data for @jimp/custom@https://registry.npmjs.org/@jimp/custom/-/custom-0.22.12.tgz. Extracting by manifest.
505 silly tarball no local data for node-red-contrib-image-tools@https://registry.npmjs.org/node-red-contrib-image-tools/-/node-red-contrib-image-tools-2.1.1.tgz. Extracting by manifest.
506 silly tarball no local data for safe-buffer@https://registry.npmjs.org/safe-buffer/-/safe-buffer-5.2.1.tgz. Extracting by manifest.
507 silly tarball no local data for @types/node@https://registry.npmjs.org/@types/node/-/node-16.9.1.tgz. Extracting by manifest.
508 silly tarball no local data for pngjs@https://registry.npmjs.org/pngjs/-/pngjs-3.4.0.tgz. Extracting by manifest.
509 http fetch GET 200 https://registry.npmjs.org/sax/-/sax-1.4.1.tgz 297ms (cache miss)
510 timing reifyNode:node_modules/sax Completed in 328ms
511 http fetch GET 200 https://registry.npmjs.org/dom-walk/-/dom-walk-0.1.2.tgz 297ms (cache miss)
512 timing reifyNode:node_modules/dom-walk Completed in 329ms
513 http fetch GET 200 https://registry.npmjs.org/global/-/global-4.4.0.tgz 299ms (cache miss)
514 timing reifyNode:node_modules/global Completed in 335ms
515 http fetch GET 200 https://registry.npmjs.org/process/-/process-0.11.10.tgz 305ms (cache miss)
516 timing reifyNode:node_modules/process Completed in 338ms
517 http fetch GET 200 https://registry.npmjs.org/webidl-conversions/-/webidl-conversions-3.0.1.tgz 302ms (cache miss)
518 timing reifyNode:node_modules/webidl-conversions Completed in 339ms
519 http fetch GET 200 https://registry.npmjs.org/util-deprecate/-/util-deprecate-1.0.2.tgz 301ms (cache miss)
520 timing reifyNode:node_modules/util-deprecate Completed in 341ms
521 http fetch GET 200 https://registry.npmjs.org/peek-readable/-/peek-readable-4.1.0.tgz 303ms (cache miss)
522 timing reifyNode:node_modules/peek-readable Completed in 342ms
523 http fetch GET 200 https://registry.npmjs.org/is-function/-/is-function-1.0.2.tgz 307ms (cache miss)
524 timing reifyNode:node_modules/is-function Completed in 343ms
525 http fetch GET 200 https://registry.npmjs.org/parse-headers/-/parse-headers-2.0.5.tgz 310ms (cache miss)
526 timing reifyNode:node_modules/parse-headers Completed in 345ms
527 http fetch GET 200 https://registry.npmjs.org/xml-parse-from-string/-/xml-parse-from-string-1.0.1.tgz 302ms (cache miss)
528 timing reifyNode:node_modules/xml-parse-from-string Completed in 347ms
529 http fetch GET 200 https://registry.npmjs.org/xtend/-/xtend-4.0.2.tgz 301ms (cache miss)
530 timing reifyNode:node_modules/xtend Completed in 348ms
531 http fetch GET 200 https://registry.npmjs.org/parse-bmfont-ascii/-/parse-bmfont-ascii-1.0.6.tgz 297ms (cache miss)
532 timing reifyNode:node_modules/parse-bmfont-ascii Completed in 347ms
533 http fetch GET 200 https://registry.npmjs.org/phin/-/phin-2.9.3.tgz 298ms (cache miss)
534 warn deprecated phin@2.9.3: Package no longer supported. Contact Support at https://www.npmjs.com/support for more info.
535 timing reifyNode:node_modules/phin Completed in 348ms
536 http fetch GET 200 https://registry.npmjs.org/min-document/-/min-document-2.19.0.tgz 318ms (cache miss)
537 http fetch GET 200 https://registry.npmjs.org/whatwg-url/-/whatwg-url-5.0.0.tgz 309ms (cache miss)
538 timing reifyNode:node_modules/whatwg-url Completed in 354ms
539 http fetch GET 200 https://registry.npmjs.org/string_decoder/-/string_decoder-1.3.0.tgz 313ms (cache miss)
540 timing reifyNode:node_modules/string_decoder Completed in 354ms
541 http fetch GET 200 https://registry.npmjs.org/@tokenizer/token/-/token-0.3.0.tgz 315ms (cache miss)
542 timing reifyNode:node_modules/@tokenizer/token Completed in 355ms
543 http fetch GET 200 https://registry.npmjs.org/xml2js/-/xml2js-0.5.0.tgz 311ms (cache miss)
544 timing reifyNode:node_modules/xml2js Completed in 355ms
545 http fetch GET 200 https://registry.npmjs.org/parse-bmfont-binary/-/parse-bmfont-binary-1.0.6.tgz 309ms (cache miss)
546 timing reifyNode:node_modules/parse-bmfont-binary Completed in 358ms
547 http fetch GET 200 https://registry.npmjs.org/xhr/-/xhr-2.6.0.tgz 314ms (cache miss)
548 timing reifyNode:node_modules/xhr Completed in 361ms
549 http fetch GET 200 https://registry.npmjs.org/buffer-equal/-/buffer-equal-0.0.1.tgz 311ms (cache miss)
550 timing reifyNode:node_modules/buffer-equal Completed in 361ms
551 http fetch GET 200 https://registry.npmjs.org/utif2/-/utif2-4.1.0.tgz 328ms (cache miss)
552 timing reifyNode:node_modules/utif2 Completed in 383ms
553 http fetch GET 200 https://registry.npmjs.org/parse-bmfont-xml/-/parse-bmfont-xml-1.1.6.tgz 345ms (cache miss)
554 timing reifyNode:node_modules/parse-bmfont-xml Completed in 391ms
555 http fetch GET 200 https://registry.npmjs.org/tr46/-/tr46-0.0.3.tgz 355ms (cache miss)
556 timing reifyNode:node_modules/tr46 Completed in 403ms
557 timing reifyNode:node_modules/min-document Completed in 404ms
558 http fetch GET 200 https://registry.npmjs.org/jpeg-js/-/jpeg-js-0.4.4.tgz 348ms (cache miss)
559 http fetch GET 200 https://registry.npmjs.org/timm/-/timm-1.7.1.tgz 334ms (cache miss)
560 timing reifyNode:node_modules/jpeg-js Completed in 407ms
561 http fetch GET 200 https://registry.npmjs.org/load-bmfont/-/load-bmfont-1.4.1.tgz 346ms (cache miss)
562 timing reifyNode:node_modules/load-bmfont Completed in 419ms
563 timing reifyNode:node_modules/timm Completed in 428ms
564 http fetch GET 200 https://registry.npmjs.org/xmlbuilder/-/xmlbuilder-11.0.1.tgz 402ms (cache miss)
565 timing reifyNode:node_modules/xmlbuilder Completed in 438ms
566 http fetch GET 200 https://registry.npmjs.org/pngjs/-/pngjs-6.0.0.tgz 398ms (cache miss)
567 timing reifyNode:node_modules/pngjs Completed in 456ms
568 http fetch GET 200 https://registry.npmjs.org/readable-stream/-/readable-stream-3.6.2.tgz 517ms (cache miss)
569 timing reifyNode:node_modules/readable-stream Completed in 560ms
570 http fetch GET 200 https://registry.npmjs.org/image-q/-/image-q-4.0.0.tgz 519ms (cache miss)
571 timing reifyNode:node_modules/image-q Completed in 573ms
572 http fetch GET 200 https://registry.npmjs.org/omggif/-/omggif-1.0.10.tgz 533ms (cache miss)
573 timing reifyNode:node_modules/omggif Completed in 590ms
574 http fetch GET 200 https://registry.npmjs.org/pako/-/pako-1.0.11.tgz 556ms (cache miss)
575 timing reifyNode:node_modules/pako Completed in 594ms
576 http fetch GET 200 https://registry.npmjs.org/bmp-js/-/bmp-js-0.1.0.tgz 567ms (cache miss)
577 timing reifyNode:node_modules/bmp-js Completed in 628ms
578 http fetch GET 200 https://registry.npmjs.org/@jimp/plugin-invert/-/plugin-invert-0.22.12.tgz 692ms (cache miss)
579 timing reifyNode:node_modules/@jimp/plugin-invert Completed in 769ms
580 http fetch GET 200 https://registry.npmjs.org/@jimp/plugin-shadow/-/plugin-shadow-0.22.12.tgz 791ms (cache miss)
581 timing reifyNode:node_modules/@jimp/plugin-shadow Completed in 868ms
582 http fetch GET 200 https://registry.npmjs.org/@jimp/png/-/png-0.22.12.tgz 831ms (cache miss)
583 timing reifyNode:node_modules/@jimp/png Completed in 895ms
584 http fetch GET 200 https://registry.npmjs.org/@jimp/plugin-normalize/-/plugin-normalize-0.22.12.tgz 929ms (cache miss)
585 timing reifyNode:node_modules/@jimp/plugin-normalize Completed in 1006ms
586 http fetch GET 200 https://registry.npmjs.org/@jimp/plugin-gaussian/-/plugin-gaussian-0.22.12.tgz 969ms (cache miss)
587 timing reifyNode:node_modules/@jimp/plugin-gaussian Completed in 1049ms
588 http fetch GET 200 https://registry.npmjs.org/@jimp/plugin-mask/-/plugin-mask-0.22.12.tgz 974ms (cache miss)
589 timing reifyNode:node_modules/@jimp/plugin-mask Completed in 1051ms
590 http fetch GET 200 https://registry.npmjs.org/@jimp/plugin-rotate/-/plugin-rotate-0.22.12.tgz 989ms (cache miss)
591 timing reifyNode:node_modules/@jimp/plugin-rotate Completed in 1072ms
592 http fetch GET 200 https://registry.npmjs.org/@jimp/plugin-flip/-/plugin-flip-0.22.12.tgz 1009ms (cache miss)
593 http fetch GET 200 https://registry.npmjs.org/gifwrap/-/gifwrap-0.10.1.tgz 1031ms (cache miss)
594 timing reifyNode:node_modules/gifwrap Completed in 1090ms
595 timing reifyNode:node_modules/@jimp/plugin-flip Completed in 1091ms
596 http fetch GET 200 https://registry.npmjs.org/@jimp/jpeg/-/jpeg-0.22.12.tgz 1062ms (cache miss)
597 http fetch GET 200 https://registry.npmjs.org/@jimp/plugin-fisheye/-/plugin-fisheye-0.22.12.tgz 1045ms (cache miss)
598 timing reifyNode:node_modules/@jimp/jpeg Completed in 1125ms
599 timing reifyNode:node_modules/@jimp/plugin-fisheye Completed in 1126ms
600 http fetch GET 200 https://registry.npmjs.org/whatwg-fetch/-/whatwg-fetch-3.6.20.tgz 1096ms (cache miss)
601 timing reifyNode:node_modules/whatwg-fetch Completed in 1186ms
602 http fetch GET 200 https://registry.npmjs.org/@jimp/gif/-/gif-0.22.12.tgz 1129ms (cache miss)
603 timing reifyNode:node_modules/@jimp/gif Completed in 1194ms
604 http fetch GET 200 https://registry.npmjs.org/token-types/-/token-types-4.2.1.tgz 1109ms (cache miss)
605 timing reifyNode:node_modules/token-types Completed in 1202ms
606 http fetch GET 200 https://registry.npmjs.org/node-fetch/-/node-fetch-2.7.0.tgz 1155ms (cache miss)
607 http fetch GET 200 https://registry.npmjs.org/@jimp/plugin-scale/-/plugin-scale-0.22.12.tgz 1165ms (cache miss)
608 timing reifyNode:node_modules/node-fetch Completed in 1251ms
609 timing reifyNode:node_modules/@jimp/plugin-scale Completed in 1252ms
610 http fetch GET 200 https://registry.npmjs.org/strtok3/-/strtok3-6.3.0.tgz 1158ms (cache miss)
611 timing reifyNode:node_modules/strtok3 Completed in 1254ms
612 http fetch GET 200 https://registry.npmjs.org/@jimp/plugin-dither/-/plugin-dither-0.22.12.tgz 1188ms (cache miss)
613 timing reifyNode:node_modules/@jimp/plugin-dither Completed in 1269ms
614 http fetch GET 200 https://registry.npmjs.org/@jimp/tiff/-/tiff-0.22.12.tgz 1210ms (cache miss)
615 timing reifyNode:node_modules/@jimp/tiff Completed in 1270ms
616 http fetch GET 200 https://registry.npmjs.org/base64-js/-/base64-js-1.5.1.tgz 1193ms (cache miss)
617 timing reifyNode:node_modules/base64-js Completed in 1290ms
618 http fetch GET 200 https://registry.npmjs.org/ts-custom-error/-/ts-custom-error-3.3.1.tgz 1193ms (cache miss)
619 http fetch GET 200 https://registry.npmjs.org/readable-web-to-node-stream/-/readable-web-to-node-stream-3.0.2.tgz 1195ms (cache miss)
620 timing reifyNode:node_modules/readable-web-to-node-stream Completed in 1292ms
621 timing reifyNode:node_modules/ts-custom-error Completed in 1293ms
622 http fetch GET 200 https://registry.npmjs.org/regenerator-runtime/-/regenerator-runtime-0.13.11.tgz 1204ms (cache miss)
623 timing reifyNode:node_modules/regenerator-runtime Completed in 1303ms
624 http fetch GET 200 https://registry.npmjs.org/tinycolor2/-/tinycolor2-1.6.0.tgz 1230ms (cache miss)
625 timing reifyNode:node_modules/tinycolor2 Completed in 1332ms
626 http fetch GET 200 https://registry.npmjs.org/isomorphic-fetch/-/isomorphic-fetch-3.0.0.tgz 1248ms (cache miss)
627 timing reifyNode:node_modules/isomorphic-fetch Completed in 1351ms
628 http fetch GET 200 https://registry.npmjs.org/@jimp/plugin-displace/-/plugin-displace-0.22.12.tgz 1270ms (cache miss)
629 timing reifyNode:node_modules/@jimp/plugin-displace Completed in 1353ms
630 http fetch GET 200 https://registry.npmjs.org/any-base/-/any-base-1.1.0.tgz 1310ms (cache miss)
631 timing reifyNode:node_modules/any-base Completed in 1419ms
632 http fetch GET 200 https://registry.npmjs.org/@jimp/plugin-crop/-/plugin-crop-0.22.12.tgz 1339ms (cache miss)
633 http fetch GET 200 https://registry.npmjs.org/buffer/-/buffer-5.7.1.tgz 1326ms (cache miss)
634 timing reifyNode:node_modules/buffer Completed in 1430ms
635 timing reifyNode:node_modules/@jimp/plugin-crop Completed in 1433ms
636 http fetch GET 200 https://registry.npmjs.org/@jimp/plugin-print/-/plugin-print-0.22.12.tgz 1366ms (cache miss)
637 timing reifyNode:node_modules/@jimp/plugin-print Completed in 1440ms
638 http fetch GET 200 https://registry.npmjs.org/file-type/-/file-type-16.5.4.tgz 1330ms (cache miss)
639 timing reifyNode:node_modules/file-type Completed in 1440ms
640 http fetch GET 200 https://registry.npmjs.org/@jimp/bmp/-/bmp-0.22.12.tgz 1427ms (cache miss)
641 timing reifyNode:node_modules/@jimp/bmp Completed in 1498ms
642 http fetch GET 200 https://registry.npmjs.org/is-base64/-/is-base64-1.1.0.tgz 1397ms (cache miss)
643 timing reifyNode:node_modules/is-base64 Completed in 1510ms
644 http fetch GET 200 https://registry.npmjs.org/@jimp/plugin-contain/-/plugin-contain-0.22.12.tgz 1433ms (cache miss)
645 timing reifyNode:node_modules/@jimp/plugin-contain Completed in 1524ms
646 http fetch GET 200 https://registry.npmjs.org/exif-parser/-/exif-parser-0.1.12.tgz 1422ms (cache miss)
647 timing reifyNode:node_modules/exif-parser Completed in 1525ms
648 http fetch GET 200 https://registry.npmjs.org/@jimp/plugin-circle/-/plugin-circle-0.22.12.tgz 1445ms (cache miss)
649 timing reifyNode:node_modules/@jimp/plugin-circle Completed in 1533ms
650 http fetch GET 200 https://registry.npmjs.org/@jimp/plugins/-/plugins-0.22.12.tgz 1468ms (cache miss)
651 timing reifyNode:node_modules/@jimp/plugins Completed in 1556ms
652 http fetch GET 200 https://registry.npmjs.org/@jimp/types/-/types-0.22.12.tgz 1500ms (cache miss)
653 timing reifyNode:node_modules/@jimp/types Completed in 1589ms
654 http fetch GET 200 https://registry.npmjs.org/ieee754/-/ieee754-1.2.1.tgz 1491ms (cache miss)
655 timing reifyNode:node_modules/ieee754 Completed in 1592ms
656 http fetch GET 200 https://registry.npmjs.org/pixelmatch/-/pixelmatch-4.0.2.tgz 1585ms (cache miss)
657 timing reifyNode:node_modules/pixelmatch Completed in 1687ms
658 http fetch GET 200 https://registry.npmjs.org/@jimp/plugin-cover/-/plugin-cover-0.22.12.tgz 1604ms (cache miss)
659 timing reifyNode:node_modules/@jimp/plugin-cover Completed in 1689ms
660 http fetch GET 200 https://registry.npmjs.org/safe-buffer/-/safe-buffer-5.2.1.tgz 1625ms (cache miss)
661 timing reifyNode:node_modules/string_decoder/node_modules/safe-buffer Completed in 1753ms
662 http fetch GET 200 https://registry.npmjs.org/node-red-contrib-image-tools/-/node-red-contrib-image-tools-2.1.1.tgz 1811ms (cache miss)
663 timing reifyNode:node_modules/node-red-contrib-image-tools Completed in 1935ms
664 http fetch GET 200 https://registry.npmjs.org/@jimp/plugin-blit/-/plugin-blit-0.22.12.tgz 1874ms (cache miss)
665 timing reifyNode:node_modules/@jimp/plugin-blit Completed in 1962ms
666 http fetch GET 200 https://registry.npmjs.org/pngjs/-/pngjs-3.4.0.tgz 1840ms (cache miss)
667 timing reifyNode:node_modules/pixelmatch/node_modules/pngjs Completed in 1970ms
668 http fetch GET 200 https://registry.npmjs.org/@jimp/plugin-threshold/-/plugin-threshold-0.22.12.tgz 1855ms (cache miss)
669 timing reifyNode:node_modules/@jimp/plugin-threshold Completed in 1971ms
670 http fetch GET 200 https://registry.npmjs.org/@jimp/core/-/core-0.22.12.tgz 1870ms (cache miss)
671 timing reifyNode:node_modules/@jimp/core Completed in 1982ms
672 http fetch GET 200 https://registry.npmjs.org/@jimp/plugin-color/-/plugin-color-0.22.12.tgz 1877ms (cache miss)
673 timing reifyNode:node_modules/@jimp/plugin-color Completed in 1993ms
674 http fetch GET 200 https://registry.npmjs.org/@jimp/plugin-blur/-/plugin-blur-0.22.12.tgz 1918ms (cache miss)
675 timing reifyNode:node_modules/@jimp/plugin-blur Completed in 2039ms
676 http fetch GET 200 https://registry.npmjs.org/@jimp/custom/-/custom-0.22.12.tgz 1943ms (cache miss)
677 timing reifyNode:node_modules/@jimp/custom Completed in 2067ms
678 http fetch GET 200 https://registry.npmjs.org/@jimp/plugin-resize/-/plugin-resize-0.22.12.tgz 2006ms (cache miss)
679 timing reifyNode:node_modules/@jimp/plugin-resize Completed in 2122ms
680 http fetch GET 200 https://registry.npmjs.org/@jimp/utils/-/utils-0.22.12.tgz 2068ms (cache miss)
681 timing reifyNode:node_modules/@jimp/utils Completed in 2178ms
682 http fetch GET 200 https://registry.npmjs.org/@types/node/-/node-16.9.1.tgz 2182ms (cache miss)
683 timing reifyNode:node_modules/image-q/node_modules/@types/node Completed in 2311ms
684 http fetch GET 200 https://registry.npmjs.org/@zxing/text-encoding/-/text-encoding-0.9.0.tgz 2348ms (cache miss)
685 timing reifyNode:node_modules/@zxing/text-encoding Completed in 2449ms
686 http fetch GET 200 https://registry.npmjs.org/jimp/-/jimp-0.22.12.tgz 2339ms (cache miss)
687 timing reifyNode:node_modules/jimp Completed in 2452ms
688 http fetch GET 200 https://registry.npmjs.org/@zxing/library/-/library-0.20.0.tgz 2445ms (cache miss)
689 timing reifyNode:node_modules/@zxing/library Completed in 2559ms
690 http fetch GET 200 https://registry.npmjs.org/bwip-js/-/bwip-js-4.4.0.tgz 3380ms (cache miss)
691 timing reifyNode:node_modules/bwip-js Completed in 3493ms
692 timing reify:unpack Completed in 3495ms
693 timing reify:unretire Completed in 0ms
694 timing build:queue Completed in 5ms
695 timing build:link:node_modules/bwip-js Completed in 5ms
696 timing build:link:node_modules/pixelmatch Completed in 3ms
697 timing build:link:node_modules/is-base64 Completed in 5ms
698 timing build:link Completed in 6ms
699 timing build:deps Completed in 12ms
700 timing build Completed in 12ms
701 timing reify:build Completed in 12ms
702 timing reify:trash Completed in 0ms
703 timing reify:save Completed in 29ms
704 timing reify Completed in 10912ms
705 silly ADD node_modules/xmlbuilder
706 silly ADD node_modules/sax
707 silly ADD node_modules/dom-walk
708 silly ADD node_modules/process
709 silly ADD node_modules/min-document
710 silly ADD node_modules/parse-headers
711 silly ADD node_modules/is-function
712 silly ADD node_modules/global
713 silly ADD node_modules/webidl-conversions
714 silly ADD node_modules/tr46
715 silly ADD node_modules/pako
716 silly ADD node_modules/peek-readable
717 silly ADD node_modules/@tokenizer/token
718 silly ADD node_modules/util-deprecate
719 silly ADD node_modules/string_decoder
720 silly ADD node_modules/string_decoder/node_modules/safe-buffer
721 silly ADD node_modules/readable-stream
722 silly ADD node_modules/xml2js
723 silly ADD node_modules/xml-parse-from-string
724 silly ADD node_modules/whatwg-url
725 silly ADD node_modules/xtend
726 silly ADD node_modules/xhr
727 silly ADD node_modules/phin
728 silly ADD node_modules/parse-bmfont-xml
729 silly ADD node_modules/parse-bmfont-binary
730 silly ADD node_modules/parse-bmfont-ascii
731 silly ADD node_modules/buffer-equal
732 silly ADD node_modules/image-q
733 silly ADD node_modules/image-q/node_modules/@types/node
734 silly ADD node_modules/utif2
735 silly ADD node_modules/pngjs
736 silly ADD node_modules/jpeg-js
737 silly ADD node_modules/omggif
738 silly ADD node_modules/gifwrap
739 silly ADD node_modules/bmp-js
740 silly ADD node_modules/@jimp/tiff
741 silly ADD node_modules/@jimp/png
742 silly ADD node_modules/@jimp/jpeg
743 silly ADD node_modules/@jimp/gif
744 silly ADD node_modules/@jimp/bmp
745 silly ADD node_modules/load-bmfont
746 silly ADD node_modules/timm
747 silly ADD node_modules/@jimp/plugin-shadow
748 silly ADD node_modules/@jimp/plugin-print
749 silly ADD node_modules/@jimp/plugin-normalize
750 silly ADD node_modules/@jimp/plugin-mask
751 silly ADD node_modules/@jimp/plugin-invert
752 silly ADD node_modules/@jimp/plugin-gaussian
753 silly ADD node_modules/@jimp/plugin-rotate
754 silly ADD node_modules/@jimp/plugin-flip
755 silly ADD node_modules/@jimp/plugin-fisheye
756 silly ADD node_modules/@jimp/plugin-dither
757 silly ADD node_modules/@jimp/plugin-displace
758 silly ADD node_modules/@jimp/plugin-crop
759 silly ADD node_modules/@jimp/plugin-cover
760 silly ADD node_modules/@jimp/plugin-scale
761 silly ADD node_modules/@jimp/plugin-contain
762 silly ADD node_modules/@jimp/plugin-circle
763 silly ADD node_modules/@jimp/plugin-blit
764 silly ADD node_modules/@jimp/types
765 silly ADD node_modules/@jimp/plugins
766 silly ADD node_modules/whatwg-fetch
767 silly ADD node_modules/node-fetch
768 silly ADD node_modules/token-types
769 silly ADD node_modules/strtok3
770 silly ADD node_modules/readable-web-to-node-stream
771 silly ADD node_modules/ieee754
772 silly ADD node_modules/base64-js
773 silly ADD node_modules/ts-custom-error
774 silly ADD node_modules/@zxing/text-encoding
775 silly ADD node_modules/regenerator-runtime
776 silly ADD node_modules/tinycolor2
777 silly ADD node_modules/pixelmatch
778 silly ADD node_modules/pixelmatch/node_modules/pngjs
779 silly ADD node_modules/isomorphic-fetch
780 silly ADD node_modules/file-type
781 silly ADD node_modules/exif-parser
782 silly ADD node_modules/buffer
783 silly ADD node_modules/any-base
784 silly ADD node_modules/@jimp/utils
785 silly ADD node_modules/@jimp/core
786 silly ADD node_modules/jimp
787 silly ADD node_modules/is-base64
788 silly ADD node_modules/bwip-js
789 silly ADD node_modules/@zxing/library
790 silly ADD node_modules/@jimp/plugin-threshold
791 silly ADD node_modules/@jimp/plugin-resize
792 silly ADD node_modules/@jimp/plugin-color
793 silly ADD node_modules/@jimp/plugin-blur
794 silly ADD node_modules/@jimp/custom
795 silly ADD node_modules/node-red-contrib-image-tools
796 timing command:install Completed in 10915ms
797 verbose exit 0
798 timing npm Completed in 11047ms
799 info ok
